<?xml version="1.0" encoding="UTF-8"?>
<testng-results skipped="0" failed="0" ignored="0" total="1" passed="1">
  <reporter-output>
    <line>
      <![CDATA[User is Selecting English]]>
    </line>
    <line>
      <![CDATA[User is skipping sign in!]]>
    </line>
    <line>
      <![CDATA[User is searching Amazon Brand - Soliman Almonds, 500g]]>
    </line>
  </reporter-output>
  <suite name="All Test Suite" duration-ms="30419" started-at="2020-10-01T22:49:54 IST" finished-at="2020-10-01T22:50:25 IST">
    <groups>
    </groups>
    <test name="Amazon Assignment" duration-ms="30419" started-at="2020-10-01T22:49:54 IST" finished-at="2020-10-01T22:50:25 IST">
      <class name="testScripts.TC_AMZ_01">
        <test-method status="PASS" signature="openBrowser()[pri:0, instance:testScripts.TC_AMZ_01@4cc0edeb]" name="openBrowser" is-config="true" duration-ms="17336" started-at="2020-10-01T22:49:54 IST" finished-at="2020-10-01T22:50:12 IST">
          <reporter-output>
          </reporter-output>
        </test-method> <!-- openBrowser -->
        <test-method status="PASS" signature="tc001()[pri:0, instance:testScripts.TC_AMZ_01@4cc0edeb]" name="tc001" duration-ms="13052" started-at="2020-10-01T22:50:12 IST" finished-at="2020-10-01T22:50:25 IST">
          <reporter-output>
            <line>
              <![CDATA[User is Selecting English]]>
            </line>
            <line>
              <![CDATA[User is skipping sign in!]]>
            </line>
            <line>
              <![CDATA[User is searching Amazon Brand - Soliman Almonds, 500g]]>
            </line>
          </reporter-output>
        </test-method> <!-- tc001 -->
      </class> <!-- testScripts.TC_AMZ_01 -->
    </test> <!-- Amazon Assignment -->
  </suite> <!-- All Test Suite -->
</testng-results>
